no change     /home/Student/s4878126/miniconda3/condabin/conda
no change     /home/Student/s4878126/miniconda3/bin/conda
no change     /home/Student/s4878126/miniconda3/bin/conda-env
no change     /home/Student/s4878126/miniconda3/bin/activate
no change     /home/Student/s4878126/miniconda3/bin/deactivate
no change     /home/Student/s4878126/miniconda3/etc/profile.d/conda.sh
no change     /home/Student/s4878126/miniconda3/etc/fish/conf.d/conda.fish
no change     /home/Student/s4878126/miniconda3/shell/condabin/Conda.psm1
no change     /home/Student/s4878126/miniconda3/shell/condabin/conda-hook.ps1
no change     /home/Student/s4878126/miniconda3/lib/python3.12/site-packages/xontrib/conda.xsh
no change     /home/Student/s4878126/miniconda3/etc/profile.d/conda.csh
no change     /home/Student/s4878126/.bashrc
No action taken.
Modules are using cuda.
Matplotlib created a temporary cache directory at /scratch/203851/matplotlib-htezwqya because the default path (/cache/matplotlib) is not a writable directory; it is highly recommended to set the MPLCONFIGDIR environment variable to a writable directory, in particular to speed up the import of Matplotlib and to better support multiprocessing.
Modules are using cuda.
Getting training data...

  0%|          | 0/11460 [00:00<?, ?it/s]
  1%|          | 73/11460 [00:00<00:15, 727.20it/s]
  1%|▏         | 147/11460 [00:00<00:15, 729.95it/s]
  2%|▏         | 221/11460 [00:00<00:15, 730.80it/s]
  3%|▎         | 295/11460 [00:00<00:15, 730.51it/s]
  3%|▎         | 369/11460 [00:00<00:15, 730.91it/s]
  4%|▍         | 443/11460 [00:00<00:15, 731.67it/s]
  5%|▍         | 517/11460 [00:00<00:14, 732.11it/s]
  5%|▌         | 591/11460 [00:00<00:14, 732.08it/s]
  6%|▌         | 665/11460 [00:00<00:14, 732.82it/s]
  6%|▋         | 739/11460 [00:01<00:14, 731.69it/s]
  7%|▋         | 813/11460 [00:01<00:14, 732.27it/s]
  8%|▊         | 887/11460 [00:01<00:14, 731.57it/s]
  8%|▊         | 961/11460 [00:01<00:14, 731.30it/s]
  9%|▉         | 1035/11460 [00:01<00:14, 731.17it/s]
 10%|▉         | 1109/11460 [00:01<00:14, 730.81it/s]
 10%|█         | 1183/11460 [00:01<00:14, 731.64it/s]
 11%|█         | 1257/11460 [00:01<00:13, 732.13it/s]
 12%|█▏        | 1331/11460 [00:01<00:13, 729.92it/s]
 12%|█▏        | 1405/11460 [00:01<00:13, 730.28it/s]
 13%|█▎        | 1479/11460 [00:02<00:13, 730.63it/s]
 14%|█▎        | 1553/11460 [00:02<00:13, 729.54it/s]
 14%|█▍        | 1627/11460 [00:02<00:13, 731.25it/s]
 15%|█▍        | 1701/11460 [00:02<00:13, 732.59it/s]
 15%|█▌        | 1775/11460 [00:02<00:13, 731.94it/s]
 16%|█▌        | 1849/11460 [00:02<00:13, 731.67it/s]
 17%|█▋        | 1923/11460 [00:02<00:13, 728.86it/s]
 17%|█▋        | 1996/11460 [00:02<00:13, 725.57it/s]
 18%|█▊        | 2069/11460 [00:02<00:12, 725.15it/s]
 19%|█▊        | 2142/11460 [00:02<00:14, 625.34it/s]
 19%|█▉        | 2207/11460 [00:03<00:16, 559.57it/s]
 20%|█▉        | 2266/11460 [00:03<00:17, 522.30it/s]
 20%|██        | 2321/11460 [00:03<00:19, 468.95it/s]
 21%|██        | 2370/11460 [00:03<00:22, 405.28it/s]
 21%|██        | 2414/11460 [00:03<00:21, 411.77it/s]
 21%|██▏       | 2458/11460 [00:03<00:21, 417.99it/s]
 22%|██▏       | 2502/11460 [00:03<00:22, 392.12it/s]
 22%|██▏       | 2546/11460 [00:04<00:22, 402.90it/s]
 23%|██▎       | 2590/11460 [00:04<00:21, 410.67it/s]
 23%|██▎       | 2634/11460 [00:04<00:21, 417.99it/s]
 23%|██▎       | 2678/11460 [00:04<00:20, 423.36it/s]
 24%|██▍       | 2722/11460 [00:04<00:20, 426.97it/s]
 24%|██▍       | 2766/11460 [00:04<00:20, 429.71it/s]
 25%|██▍       | 2810/11460 [00:04<00:20, 431.96it/s]
 25%|██▍       | 2854/11460 [00:04<00:19, 430.85it/s]
 25%|██▌       | 2898/11460 [00:04<00:20, 424.31it/s]
 26%|██▌       | 2941/11460 [00:04<00:20, 420.46it/s]
 26%|██▌       | 2984/11460 [00:05<00:20, 418.42it/s]
 26%|██▋       | 3026/11460 [00:05<00:20, 415.48it/s]
 27%|██▋       | 3068/11460 [00:05<00:20, 414.49it/s]
 27%|██▋       | 3110/11460 [00:05<00:32, 257.19it/s]
 28%|██▊       | 3152/11460 [00:05<00:28, 289.67it/s]
 28%|██▊       | 3201/11460 [00:05<00:24, 334.51it/s]
 28%|██▊       | 3259/11460 [00:05<00:20, 394.12it/s]
 29%|██▉       | 3311/11460 [00:05<00:19, 423.98it/s]
 29%|██▉       | 3358/11460 [00:06<00:18, 426.43it/s]
 30%|██▉       | 3404/11460 [00:06<00:18, 427.52it/s]
 30%|███       | 3449/11460 [00:06<00:18, 429.23it/s]
 30%|███       | 3494/11460 [00:06<00:18, 432.73it/s]
 31%|███       | 3539/11460 [00:06<00:18, 435.80it/s]
 31%|███▏      | 3584/11460 [00:06<00:18, 436.53it/s]
 32%|███▏      | 3629/11460 [00:06<00:17, 439.15it/s]
 32%|███▏      | 3674/11460 [00:06<00:17, 442.26it/s]
 32%|███▏      | 3719/11460 [00:06<00:17, 441.42it/s]
 33%|███▎      | 3764/11460 [00:07<00:17, 440.41it/s]
 33%|███▎      | 3809/11460 [00:07<00:17, 439.00it/s]
 34%|███▎      | 3853/11460 [00:07<00:17, 437.44it/s]
 34%|███▍      | 3897/11460 [00:07<00:17, 436.93it/s]
 34%|███▍      | 3941/11460 [00:07<00:17, 437.34it/s]
 35%|███▍      | 3985/11460 [00:07<00:17, 436.93it/s]
 35%|███▌      | 4030/11460 [00:07<00:16, 438.07it/s]
 36%|███▌      | 4074/11460 [00:07<00:16, 438.20it/s]
 36%|███▌      | 4118/11460 [00:07<00:16, 433.07it/s]
 36%|███▋      | 4162/11460 [00:07<00:17, 428.28it/s]
 37%|███▋      | 4205/11460 [00:08<00:17, 425.98it/s]
 37%|███▋      | 4248/11460 [00:08<00:17, 423.30it/s]
 37%|███▋      | 4291/11460 [00:08<00:16, 422.30it/s]
 38%|███▊      | 4334/11460 [00:08<00:17, 415.27it/s]
 38%|███▊      | 4376/11460 [00:08<00:17, 414.76it/s]
 39%|███▊      | 4418/11460 [00:08<00:16, 415.54it/s]
 39%|███▉      | 4461/11460 [00:08<00:16, 417.72it/s]
 39%|███▉      | 4504/11460 [00:08<00:16, 419.73it/s]
 40%|███▉      | 4546/11460 [00:08<00:16, 419.55it/s]
 40%|████      | 4588/11460 [00:08<00:16, 418.76it/s]
 40%|████      | 4631/11460 [00:09<00:16, 421.05it/s]
 41%|████      | 4674/11460 [00:09<00:16, 419.10it/s]
 41%|████      | 4716/11460 [00:09<00:16, 418.17it/s]
 42%|████▏     | 4759/11460 [00:09<00:15, 420.31it/s]
 42%|████▏     | 4802/11460 [00:09<00:15, 419.37it/s]
 42%|████▏     | 4844/11460 [00:09<00:15, 419.33it/s]
 43%|████▎     | 4887/11460 [00:09<00:15, 420.93it/s]
 43%|████▎     | 4930/11460 [00:09<00:15, 422.26it/s]
 43%|████▎     | 4973/11460 [00:09<00:15, 423.41it/s]
 44%|████▍     | 5016/11460 [00:09<00:15, 424.25it/s]
 44%|████▍     | 5059/11460 [00:10<00:15, 420.90it/s]
 45%|████▍     | 5102/11460 [00:10<00:15, 422.30it/s]
 45%|████▍     | 5145/11460 [00:10<00:14, 423.64it/s]
 45%|████▌     | 5188/11460 [00:10<00:18, 331.29it/s]
 46%|████▌     | 5231/11460 [00:10<00:17, 354.55it/s]
 46%|████▌     | 5274/11460 [00:10<00:16, 373.49it/s]
 46%|████▋     | 5317/11460 [00:10<00:15, 387.97it/s]
 47%|████▋     | 5360/11460 [00:10<00:15, 399.18it/s]
 47%|████▋     | 5403/11460 [00:10<00:14, 406.36it/s]
 48%|████▊     | 5446/11460 [00:11<00:14, 411.78it/s]
 48%|████▊     | 5488/11460 [00:11<00:14, 414.16it/s]
 48%|████▊     | 5530/11460 [00:11<00:14, 415.11it/s]
 49%|████▊     | 5573/11460 [00:11<00:14, 417.72it/s]
 49%|████▉     | 5616/11460 [00:11<00:13, 419.73it/s]
 49%|████▉     | 5659/11460 [00:11<00:13, 420.97it/s]
 50%|████▉     | 5702/11460 [00:11<00:13, 423.02it/s]
 50%|█████     | 5745/11460 [00:11<00:13, 422.54it/s]
 51%|█████     | 5788/11460 [00:11<00:13, 422.54it/s]
 51%|█████     | 5831/11460 [00:11<00:13, 421.15it/s]
 51%|█████▏    | 5874/11460 [00:12<00:13, 420.38it/s]
 52%|█████▏    | 5917/11460 [00:12<00:13, 418.66it/s]
 52%|█████▏    | 5960/11460 [00:12<00:13, 419.15it/s]
 52%|█████▏    | 6002/11460 [00:12<00:13, 414.58it/s]
 53%|█████▎    | 6044/11460 [00:12<00:13, 415.94it/s]
 53%|█████▎    | 6088/11460 [00:12<00:12, 422.45it/s]
 54%|█████▎    | 6132/11460 [00:12<00:12, 425.85it/s]
 54%|█████▍    | 6175/11460 [00:12<00:12, 425.56it/s]
 54%|█████▍    | 6218/11460 [00:12<00:12, 426.15it/s]
 55%|█████▍    | 6262/11460 [00:12<00:12, 429.67it/s]
 55%|█████▌    | 6305/11460 [00:13<00:12, 427.98it/s]
 55%|█████▌    | 6348/11460 [00:13<00:11, 426.77it/s]
 56%|█████▌    | 6391/11460 [00:13<00:12, 421.72it/s]
 56%|█████▌    | 6434/11460 [00:13<00:12, 418.81it/s]
 57%|█████▋    | 6476/11460 [00:13<00:11, 418.13it/s]
 57%|█████▋    | 6519/11460 [00:13<00:11, 419.33it/s]
 57%|█████▋    | 6562/11460 [00:13<00:11, 421.12it/s]
 58%|█████▊    | 6605/11460 [00:13<00:11, 422.24it/s]
 58%|█████▊    | 6649/11460 [00:13<00:11, 426.15it/s]
 58%|█████▊    | 6693/11460 [00:14<00:11, 427.74it/s]
 59%|█████▉    | 6736/11460 [00:14<00:11, 424.98it/s]
 59%|█████▉    | 6779/11460 [00:14<00:11, 425.04it/s]
 60%|█████▉    | 6822/11460 [00:14<00:10, 424.30it/s]
 60%|█████▉    | 6865/11460 [00:14<00:10, 422.27it/s]
 60%|██████    | 6908/11460 [00:14<00:10, 424.16it/s]
 61%|██████    | 6951/11460 [00:14<00:10, 425.06it/s]
 61%|██████    | 6994/11460 [00:14<00:10, 425.18it/s]
 61%|██████▏   | 7039/11460 [00:14<00:10, 430.50it/s]
 62%|██████▏   | 7083/11460 [00:14<00:10, 427.85it/s]
 62%|██████▏   | 7126/11460 [00:15<00:10, 424.57it/s]
 63%|██████▎   | 7169/11460 [00:15<00:10, 421.54it/s]
 63%|██████▎   | 7212/11460 [00:15<00:10, 420.24it/s]
 63%|██████▎   | 7255/11460 [00:15<00:10, 417.32it/s]
 64%|██████▎   | 7297/11460 [00:15<00:09, 417.11it/s]
 64%|██████▍   | 7339/11460 [00:15<00:09, 416.30it/s]
 64%|██████▍   | 7381/11460 [00:15<00:09, 414.87it/s]
 65%|██████▍   | 7423/11460 [00:15<00:09, 415.21it/s]
 65%|██████▌   | 7466/11460 [00:15<00:09, 417.97it/s]
 66%|██████▌   | 7509/11460 [00:15<00:09, 419.81it/s]
 66%|██████▌   | 7551/11460 [00:16<00:09, 419.66it/s]
 66%|██████▋   | 7593/11460 [00:16<00:09, 417.50it/s]
 67%|██████▋   | 7635/11460 [00:16<00:09, 416.57it/s]
 67%|██████▋   | 7677/11460 [00:16<00:09, 414.90it/s]
 67%|██████▋   | 7719/11460 [00:16<00:09, 415.64it/s]
 68%|██████▊   | 7762/11460 [00:16<00:08, 417.27it/s]
 68%|██████▊   | 7804/11460 [00:16<00:08, 417.27it/s]
 68%|██████▊   | 7846/11460 [00:16<00:08, 417.98it/s]
 69%|██████▉   | 7889/11460 [00:16<00:08, 420.34it/s]
 69%|██████▉   | 7932/11460 [00:16<00:08, 421.02it/s]
 70%|██████▉   | 7975/11460 [00:17<00:13, 262.60it/s]
 70%|██████▉   | 8016/11460 [00:17<00:11, 292.86it/s]
 70%|███████   | 8058/11460 [00:17<00:10, 320.52it/s]
 71%|███████   | 8100/11460 [00:17<00:09, 343.95it/s]
 71%|███████   | 8143/11460 [00:17<00:09, 364.92it/s]
 71%|███████▏  | 8185/11460 [00:17<00:08, 377.60it/s]
 72%|███████▏  | 8227/11460 [00:17<00:08, 388.50it/s]
 72%|███████▏  | 8269/11460 [00:17<00:08, 395.72it/s]
 73%|███████▎  | 8310/11460 [00:18<00:12, 250.67it/s]
 73%|███████▎  | 8351/11460 [00:18<00:10, 283.10it/s]
 73%|███████▎  | 8394/11460 [00:18<00:09, 314.58it/s]
 74%|███████▎  | 8436/11460 [00:18<00:08, 340.04it/s]
 74%|███████▍  | 8479/11460 [00:18<00:08, 361.17it/s]
 74%|███████▍  | 8523/11460 [00:18<00:07, 380.59it/s]
 75%|███████▍  | 8567/11460 [00:18<00:07, 395.92it/s]
 75%|███████▌  | 8611/11460 [00:18<00:06, 408.04it/s]
 76%|███████▌  | 8655/11460 [00:19<00:06, 415.75it/s]
 76%|███████▌  | 8699/11460 [00:19<00:06, 420.37it/s]
 76%|███████▋  | 8744/11460 [00:19<00:06, 426.04it/s]
 77%|███████▋  | 8789/11460 [00:19<00:06, 430.96it/s]
 77%|███████▋  | 8833/11460 [00:19<00:06, 432.52it/s]
 77%|███████▋  | 8878/11460 [00:19<00:05, 435.22it/s]
 78%|███████▊  | 8922/11460 [00:19<00:05, 436.29it/s]
 78%|███████▊  | 8966/11460 [00:19<00:05, 431.69it/s]
 79%|███████▊  | 9010/11460 [00:19<00:05, 427.84it/s]
 79%|███████▉  | 9053/11460 [00:20<00:05, 425.78it/s]
 79%|███████▉  | 9096/11460 [00:20<00:05, 419.26it/s]
 80%|███████▉  | 9138/11460 [00:20<00:05, 415.86it/s]
 80%|████████  | 9180/11460 [00:20<00:05, 414.65it/s]
 80%|████████  | 9222/11460 [00:20<00:05, 409.79it/s]
 81%|████████  | 9264/11460 [00:20<00:05, 410.28it/s]
 81%|████████  | 9306/11460 [00:20<00:05, 411.89it/s]
 82%|████████▏ | 9348/11460 [00:20<00:05, 412.25it/s]
 82%|████████▏ | 9390/11460 [00:20<00:05, 412.64it/s]
 82%|████████▏ | 9432/11460 [00:20<00:05, 395.32it/s]
 83%|████████▎ | 9474/11460 [00:21<00:04, 401.66it/s]
 83%|████████▎ | 9515/11460 [00:21<00:04, 402.32it/s]
 83%|████████▎ | 9557/11460 [00:21<00:04, 405.42it/s]
 84%|████████▍ | 9598/11460 [00:21<00:04, 406.39it/s]
 84%|████████▍ | 9639/11460 [00:21<00:04, 407.28it/s]
 84%|████████▍ | 9681/11460 [00:21<00:04, 408.58it/s]
 85%|████████▍ | 9723/11460 [00:21<00:04, 409.26it/s]
 85%|████████▌ | 9765/11460 [00:21<00:04, 410.94it/s]
 86%|████████▌ | 9807/11460 [00:21<00:03, 413.61it/s]
 86%|████████▌ | 9849/11460 [00:21<00:03, 413.30it/s]
 86%|████████▋ | 9891/11460 [00:22<00:03, 413.34it/s]
 87%|████████▋ | 9933/11460 [00:22<00:03, 414.35it/s]
 87%|████████▋ | 9975/11460 [00:22<00:03, 415.01it/s]
 87%|████████▋ | 10018/11460 [00:22<00:03, 416.64it/s]
 88%|████████▊ | 10060/11460 [00:22<00:03, 417.24it/s]
 88%|████████▊ | 10102/11460 [00:22<00:03, 416.30it/s]
 89%|████████▊ | 10144/11460 [00:22<00:03, 416.94it/s]
 89%|████████▉ | 10187/11460 [00:22<00:03, 420.05it/s]
 89%|████████▉ | 10230/11460 [00:22<00:02, 422.67it/s]
 90%|████████▉ | 10273/11460 [00:22<00:02, 424.28it/s]
 90%|█████████ | 10316/11460 [00:23<00:02, 422.11it/s]
 90%|█████████ | 10359/11460 [00:23<00:02, 416.71it/s]
 91%|█████████ | 10403/11460 [00:23<00:02, 420.82it/s]
 91%|█████████ | 10446/11460 [00:23<00:02, 420.13it/s]
 92%|█████████▏| 10489/11460 [00:23<00:02, 417.54it/s]
 92%|█████████▏| 10531/11460 [00:23<00:02, 416.29it/s]
 92%|█████████▏| 10573/11460 [00:23<00:02, 413.64it/s]
 93%|█████████▎| 10615/11460 [00:23<00:02, 414.44it/s]
 93%|█████████▎| 10657/11460 [00:23<00:01, 414.03it/s]
 93%|█████████▎| 10699/11460 [00:24<00:01, 413.62it/s]
 94%|█████████▎| 10741/11460 [00:24<00:01, 412.98it/s]
 94%|█████████▍| 10783/11460 [00:24<00:01, 411.17it/s]
 94%|█████████▍| 10825/11460 [00:24<00:01, 410.73it/s]
 95%|█████████▍| 10867/11460 [00:24<00:01, 404.57it/s]
 95%|█████████▌| 10908/11460 [00:24<00:01, 406.12it/s]
 96%|█████████▌| 10949/11460 [00:24<00:01, 406.32it/s]
 96%|█████████▌| 10990/11460 [00:24<00:01, 407.15it/s]
 96%|█████████▋| 11031/11460 [00:24<00:01, 406.08it/s]
 97%|█████████▋| 11072/11460 [00:24<00:00, 404.92it/s]
 97%|█████████▋| 11113/11460 [00:25<00:00, 403.53it/s]
 97%|█████████▋| 11154/11460 [00:25<00:00, 383.65it/s]
 98%|█████████▊| 11193/11460 [00:25<00:00, 283.55it/s]
 98%|█████████▊| 11226/11460 [00:25<00:00, 278.08it/s]
 98%|█████████▊| 11257/11460 [00:25<00:00, 280.45it/s]
 98%|█████████▊| 11287/11460 [00:25<00:00, 279.63it/s]
 99%|█████████▉| 11328/11460 [00:25<00:00, 311.66it/s]
 99%|█████████▉| 11371/11460 [00:25<00:00, 343.21it/s]
100%|█████████▉| 11415/11460 [00:26<00:00, 368.63it/s]
100%|█████████▉| 11459/11460 [00:26<00:00, 386.98it/s]
100%|██████████| 11460/11460 [00:26<00:00, 438.69it/s]
torch.Size([1, 256, 144])
Finished fetching training data.
VQVAE being trained on cuda.

Train.py: Shape of first training dataset image torch.Size([1, 256, 144])
Training the Vector Quantised Variational Autoencoder...
Loss for 1,1 = 10453.712890625
reconstruction loss = 10177.8046875, perplexity: 39.9741096496582, commitment loss: 64.91959381103516, codebook loss: 259.6783752441406
Loss for 1,51 = nan
reconstruction loss = nan, perplexity: 1.0, commitment loss: nan, codebook loss: nan
Loss for 1,101 = nan
reconstruction loss = nan, perplexity: 1.0, commitment loss: nan, codebook loss: nan
Epoch 1 loss: nan.
Loss for 2,1 = nan
reconstruction loss = nan, perplexity: 1.0, commitment loss: nan, codebook loss: nan
Loss for 2,51 = nan
reconstruction loss = nan, perplexity: 1.0, commitment loss: nan, codebook loss: nan
Loss for 2,101 = nan
reconstruction loss = nan, perplexity: 1.0, commitment loss: nan, codebook loss: nan
Epoch 2 loss: nan.
Loss for 3,1 = nan
reconstruction loss = nan, perplexity: 1.0, commitment loss: nan, codebook loss: nan
Loss for 3,51 = nan
reconstruction loss = nan, perplexity: 1.0, commitment loss: nan, codebook loss: nan
Loss for 3,101 = nan
reconstruction loss = nan, perplexity: 1.0, commitment loss: nan, codebook loss: nan
Epoch 3 loss: nan.
Loss for 4,1 = nan
reconstruction loss = nan, perplexity: 1.0, commitment loss: nan, codebook loss: nan
Loss for 4,51 = nan
reconstruction loss = nan, perplexity: 1.0, commitment loss: nan, codebook loss: nan
Loss for 4,101 = nan
reconstruction loss = nan, perplexity: 1.0, commitment loss: nan, codebook loss: nan
Epoch 4 loss: nan.
Loss for 5,1 = nan
reconstruction loss = nan, perplexity: 1.0, commitment loss: nan, codebook loss: nan
Loss for 5,51 = nan
reconstruction loss = nan, perplexity: 1.0, commitment loss: nan, codebook loss: nan
Loss for 5,101 = nan
reconstruction loss = nan, perplexity: 1.0, commitment loss: nan, codebook loss: nan
Epoch 5 loss: nan.
