LOG_DATA = """
2024-10-06 20:03:09,044 - INFO - Epoch 1/10
Training: 100%|████████████████████████████████████████████████████████████████████████| 828/828 [26:51<00:00,  1.95s/it, Loss=1.46, Acc=70]
Validating: 100%|████████████████████████████████████████████████████████████████████| 208/208 [07:12<00:00,  2.08s/it, Loss=1.71, Acc=62.2]
2024-10-06 20:37:13,198 - INFO - Train Loss: 1.4644, Train Acc: 69.95%
2024-10-06 20:37:13,200 - INFO - Val Loss: 1.7146, Val Acc: 62.21%
2024-10-06 20:37:13,226 - INFO - New best model saved with validation accuracy: 62.21%
2024-10-06 20:37:13,226 - INFO - Epoch 2/10
Training: 100%|███████████████████████████████████████████████████████████████████████| 828/828 [27:51<00:00,  2.02s/it, Loss=1.3, Acc=74.7]
Validating: 100%|██████████████████████████████████████████████████████████████████████| 208/208 [07:26<00:00,  2.15s/it, Loss=1.44, Acc=70]
2024-10-06 21:12:31,124 - INFO - Train Loss: 1.2962, Train Acc: 74.68%
2024-10-06 21:12:31,125 - INFO - Val Loss: 1.4366, Val Acc: 70.00%
2024-10-06 21:12:31,201 - INFO - New best model saved with validation accuracy: 70.00%
2024-10-06 21:12:31,201 - INFO - Epoch 3/10
Training: 100%|██████████████████████████████████████████████████████████████████████| 828/828 [27:13<00:00,  1.97s/it, Loss=1.21, Acc=77.4]
Validating: 100%|████████████████████████████████████████████████████████████████████| 208/208 [07:20<00:00,  2.12s/it, Loss=1.32, Acc=74.4]
2024-10-06 21:47:05,044 - INFO - Train Loss: 1.2055, Train Acc: 77.39%
2024-10-06 21:47:05,045 - INFO - Val Loss: 1.3227, Val Acc: 74.39%
2024-10-06 21:47:05,072 - INFO - New best model saved with validation accuracy: 74.39%
2024-10-06 21:47:05,073 - INFO - Epoch 4/10
Training: 100%|██████████████████████████████████████████████████████████████████████| 828/828 [28:12<00:00,  2.04s/it, Loss=1.14, Acc=79.2]
Validating: 100%|████████████████████████████████████████████████████████████████████| 208/208 [07:45<00:00,  2.24s/it, Loss=1.37, Acc=71.7]
2024-10-06 22:23:03,757 - INFO - Train Loss: 1.1408, Train Acc: 79.17%
2024-10-06 22:23:03,758 - INFO - Val Loss: 1.3733, Val Acc: 71.75%
2024-10-06 22:23:03,758 - INFO - Epoch 5/10
Training: 100%|██████████████████████████████████████████████████████████████████████| 828/828 [29:03<00:00,  2.11s/it, Loss=1.11, Acc=80.3]
Validating: 100%|████████████████████████████████████████████████████████████████████| 208/208 [07:47<00:00,  2.25s/it, Loss=1.22, Acc=77.3]
2024-10-06 22:59:54,884 - INFO - Train Loss: 1.1149, Train Acc: 80.34%
2024-10-06 22:59:54,887 - INFO - Val Loss: 1.2217, Val Acc: 77.30%
2024-10-06 22:59:54,935 - INFO - New best model saved with validation accuracy: 77.30%
2024-10-06 22:59:54,936 - INFO - Epoch 6/10
Training: 100%|██████████████████████████████████████████████████████████████████████| 828/828 [29:11<00:00,  2.11s/it, Loss=1.06, Acc=81.6]
Validating: 100%|████████████████████████████████████████████████████████████████████| 208/208 [07:44<00:00,  2.23s/it, Loss=1.34, Acc=74.8]
2024-10-06 23:36:50,234 - INFO - Train Loss: 1.0580, Train Acc: 81.57%
2024-10-06 23:36:50,236 - INFO - Val Loss: 1.3359, Val Acc: 74.77%
2024-10-06 23:36:50,237 - INFO - Epoch 7/10
Training: 100%|████████████████████████████████████████████████████████████████████████| 828/828 [28:00<00:00,  2.03s/it, Loss=1.05, Acc=82]
Validating: 100%|████████████████████████████████████████████████████████████████████| 208/208 [07:45<00:00,  2.24s/it, Loss=1.21, Acc=79.3]
2024-10-07 00:12:36,499 - INFO - Train Loss: 1.0540, Train Acc: 82.00%
2024-10-07 00:12:36,500 - INFO - Val Loss: 1.2064, Val Acc: 79.29%
2024-10-07 00:12:36,547 - INFO - New best model saved with validation accuracy: 79.29%
2024-10-07 00:12:36,547 - INFO - Epoch 8/10
Training: 100%|█████████████████████████████████████████████████████████████████████| 828/828 [28:31<00:00,  2.07s/it, Loss=0.994, Acc=83.1]
Validating: 100%|████████████████████████████████████████████████████████████████████| 208/208 [07:34<00:00,  2.18s/it, Loss=1.26, Acc=78.4]
2024-10-07 00:48:42,602 - INFO - Train Loss: 0.9936, Train Acc: 83.14%
2024-10-07 00:48:42,603 - INFO - Val Loss: 1.2594, Val Acc: 78.43%
2024-10-07 00:48:42,603 - INFO - Epoch 9/10
Training: 100%|█████████████████████████████████████████████████████████████████████| 828/828 [27:39<00:00,  2.00s/it, Loss=0.954, Acc=84.4]
Validating: 100%|████████████████████████████████████████████████████████████████████| 208/208 [07:16<00:00,  2.10s/it, Loss=1.35, Acc=75.5]
2024-10-07 01:23:38,366 - INFO - Train Loss: 0.9535, Train Acc: 84.41%
2024-10-07 01:23:38,370 - INFO - Val Loss: 1.3504, Val Acc: 75.49%
2024-10-07 01:23:38,372 - INFO - Epoch 10/10
Training: 100%|█████████████████████████████████████████████████████████████████████| 828/828 [27:39<00:00,  2.00s/it, Loss=0.913, Acc=85.2]
Validating: 100%|████████████████████████████████████████████████████████████████████| 208/208 [07:38<00:00,  2.20s/it, Loss=1.22, Acc=82.6]
2024-10-07 01:58:56,187 - INFO - Train Loss: 0.9125, Train Acc: 85.20%
2024-10-07 01:58:56,189 - INFO - Val Loss: 1.2203, Val Acc: 82.57%
2024-10-07 01:58:56,280 - INFO - New best model saved with validation accuracy: 82.57%
2024-10-07 01:58:56,281 - INFO - Training completed
Validating: 100%|████████████████████████████████████████████████████████████████████| 208/208 [07:28<00:00,  2.16s/it, Loss=1.23, Acc=81.8]
2024-10-07 02:06:25,191 - INFO - Test Loss: 1.2295, Test Acc: 81.83%
"""