Start training
Epoch 1, Loss: 0.6728538258823208, Accuracy: 58.07156133828996%
Epoch 2, Loss: 0.6556298968342048, Accuracy: 61.41263940520446%
Epoch 3, Loss: 0.6428776740319307, Accuracy: 63.52230483271376%
Epoch 4, Loss: 0.6326123218302564, Accuracy: 64.49814126394052%
Epoch 5, Loss: 0.6250447270420295, Accuracy: 65.46933085501858%
Epoch 6, Loss: 0.6193562624270282, Accuracy: 66.18959107806691%
Epoch 7, Loss: 0.6094673613382484, Accuracy: 67.22583643122677%
Epoch 8, Loss: 0.592460782575749, Accuracy: 68.85223048327137%
Epoch 9, Loss: 0.5744247253635486, Accuracy: 70.43680297397769%
Epoch 10, Loss: 0.5685592210930488, Accuracy: 71.09200743494424%
Epoch 11, Loss: 0.5592181678601218, Accuracy: 71.90985130111524%
Epoch 12, Loss: 0.5546345206816164, Accuracy: 72.39312267657992%
Epoch 13, Loss: 0.5509072510306938, Accuracy: 72.36059479553903%
Epoch 14, Loss: 0.546720975796854, Accuracy: 72.78810408921933%
Epoch 15, Loss: 0.5422173245169255, Accuracy: 73.14591078066914%
Epoch 16, Loss: 0.5408241981294499, Accuracy: 73.7360594795539%
Epoch 17, Loss: 0.5437665387301707, Accuracy: 72.81598513011153%
Epoch 18, Loss: 0.5315070253247492, Accuracy: 73.84758364312268%
Epoch 19, Loss: 0.5311603108185716, Accuracy: 73.96840148698885%
Epoch 20, Loss: 0.5304479440023783, Accuracy: 74.30297397769517%
Epoch 21, Loss: 0.5327918979866544, Accuracy: 74.01951672862454%
Epoch 22, Loss: 0.5273980479272301, Accuracy: 74.26579925650557%
Epoch 23, Loss: 0.5223088667881612, Accuracy: 74.35408921933086%
Epoch 24, Loss: 0.5162164530596443, Accuracy: 74.9860594795539%
Epoch 25, Loss: 0.5178210184443051, Accuracy: 75.06505576208178%
Epoch 26, Loss: 0.5191761102045804, Accuracy: 74.70724907063197%
Epoch 27, Loss: 0.5201307671562524, Accuracy: 74.67472118959108%
Epoch 28, Loss: 0.5105622563107053, Accuracy: 75.4460966542751%
Epoch 29, Loss: 0.51647529776525, Accuracy: 74.67472118959108%
Epoch 30, Loss: 0.5103367944794637, Accuracy: 75.53438661710037%
Epoch 31, Loss: 0.5085866346313199, Accuracy: 75.05111524163569%
Epoch 32, Loss: 0.5052897773605576, Accuracy: 75.70631970260223%
Epoch 33, Loss: 0.5083983145089596, Accuracy: 75.15334572490707%
Epoch 34, Loss: 0.5038556812599545, Accuracy: 75.87825278810409%
Epoch 35, Loss: 0.5063368840167993, Accuracy: 75.59944237918215%
Epoch 36, Loss: 0.5034559755233209, Accuracy: 75.52044609665427%
Epoch 37, Loss: 0.5038666706559917, Accuracy: 75.70631970260223%
Epoch 38, Loss: 0.5029580508528989, Accuracy: 75.57156133828997%
Epoch 39, Loss: 0.5031371493041958, Accuracy: 75.58550185873607%
Epoch 40, Loss: 0.4993341032852921, Accuracy: 75.8503717472119%
Epoch 41, Loss: 0.5012766276036471, Accuracy: 76.18029739776952%
Epoch 42, Loss: 0.502480188769359, Accuracy: 75.73420074349443%
Epoch 43, Loss: 0.49764880856822896, Accuracy: 76.33364312267658%
Epoch 44, Loss: 0.5005204995089442, Accuracy: 76.14312267657992%
Epoch 45, Loss: 0.49792333064603594, Accuracy: 76.30111524163569%
Epoch 46, Loss: 0.4966033842154456, Accuracy: 76.00371747211896%
Epoch 47, Loss: 0.4983891514399785, Accuracy: 76.09200743494424%
Epoch 48, Loss: 0.49715912448350247, Accuracy: 76.20353159851301%
Epoch 49, Loss: 0.49736091073873673, Accuracy: 76.2592936802974%
Epoch 50, Loss: 0.49998932461327644, Accuracy: 75.85501858736059%
Epoch 51, Loss: 0.497121851586835, Accuracy: 76.05947955390334%
Epoch 52, Loss: 0.49448192761698945, Accuracy: 76.13382899628253%
Epoch 53, Loss: 0.494991026608409, Accuracy: 76.43587360594796%
Epoch 54, Loss: 0.4980263336939408, Accuracy: 76.42657992565056%
Epoch 55, Loss: 0.495794237457094, Accuracy: 76.42193308550186%
Epoch 56, Loss: 0.49783544293307264, Accuracy: 76.10594795539033%
Epoch 57, Loss: 0.49842741837473187, Accuracy: 76.09665427509293%
Epoch 58, Loss: 0.49533008860443534, Accuracy: 76.30576208178438%
Epoch 59, Loss: 0.49632856670495834, Accuracy: 76.2685873605948%
Epoch 60, Loss: 0.5030577835498203, Accuracy: 75.8224907063197%
Epoch 61, Loss: 0.4986627143524023, Accuracy: 75.8736059479554%
Epoch 62, Loss: 0.4950942333571801, Accuracy: 76.34758364312268%
Epoch 63, Loss: 0.4971559781907749, Accuracy: 75.96189591078067%
Epoch 64, Loss: 0.4970936916469642, Accuracy: 76.2360594795539%
Epoch 65, Loss: 0.5009948885369974, Accuracy: 75.88289962825279%
Epoch 66, Loss: 0.5005973686877898, Accuracy: 75.72490706319702%
Epoch 67, Loss: 0.49821379546070527, Accuracy: 75.87825278810409%
Epoch 68, Loss: 0.5021588115954293, Accuracy: 75.90148698884758%
Epoch 69, Loss: 0.49494061671075634, Accuracy: 76.2360594795539%
Epoch 70, Loss: 0.5001895690300844, Accuracy: 75.70167286245353%
Epoch 71, Loss: 0.5015368845983564, Accuracy: 75.79460966542752%
Epoch 72, Loss: 0.5010843615740936, Accuracy: 76.00836431226766%
Epoch 73, Loss: 0.5017511201648798, Accuracy: 75.71096654275092%
Epoch 74, Loss: 0.49917660682374976, Accuracy: 75.8596654275093%
Epoch 75, Loss: 0.5012870364522155, Accuracy: 75.8596654275093%
Epoch 76, Loss: 0.4987086972988378, Accuracy: 76.05018587360595%
Epoch 77, Loss: 0.4999951479339316, Accuracy: 75.90613382899629%
Epoch 78, Loss: 0.5000491351730579, Accuracy: 76.12453531598513%
Epoch 79, Loss: 0.5006932942155212, Accuracy: 75.54832713754647%
Epoch 80, Loss: 0.49959394357888165, Accuracy: 76.09200743494424%
Epoch 81, Loss: 0.5009742818031055, Accuracy: 75.61802973977696%
Epoch 82, Loss: 0.5004699406882452, Accuracy: 75.90148698884758%
Epoch 83, Loss: 0.5007615367733883, Accuracy: 76.06877323420075%
Epoch 84, Loss: 0.5014508113287179, Accuracy: 75.95260223048327%
Epoch 85, Loss: 0.5003108401266639, Accuracy: 75.78066914498142%
Epoch 86, Loss: 0.49800774207086834, Accuracy: 76.01301115241635%
Epoch 87, Loss: 0.4985482995834251, Accuracy: 75.79460966542752%
Epoch 88, Loss: 0.5007278572928499, Accuracy: 75.86895910780669%
Epoch 89, Loss: 0.4988415720381319, Accuracy: 76.13847583643123%
Epoch 90, Loss: 0.4961270173626881, Accuracy: 76.18494423791822%
Epoch 91, Loss: 0.49783270297929044, Accuracy: 75.93401486988847%
Epoch 92, Loss: 0.5031999211431789, Accuracy: 75.8039033457249%
Epoch 93, Loss: 0.5005775989873271, Accuracy: 75.98977695167287%
Epoch 94, Loss: 0.49381707969604594, Accuracy: 76.28252788104089%
Epoch 95, Loss: 0.49613545035713674, Accuracy: 76.00371747211896%
Epoch 96, Loss: 0.4935431227110116, Accuracy: 76.40799256505576%
Epoch 97, Loss: 0.4933300825143108, Accuracy: 76.11059479553903%
Epoch 98, Loss: 0.49594547255255317, Accuracy: 75.73420074349443%
Epoch 99, Loss: 0.49212658086467814, Accuracy: 76.15241635687732%
Epoch 100, Loss: 0.49235456991514515, Accuracy: 76.38011152416357%
Training time: 229 minutes, 0 seconds

End training
Eval start!
Test Accuracy: 55.55555555555556%
Eval end!
